#
# There is insufficient memory for the Java Runtime Environment to continue.
# Native memory allocation (mmap) failed to map 264241152 bytes. Error detail: G1 virtual space
# Possible reasons:
#   The system is out of physical RAM or swap space
#   This process is running with CompressedOops enabled, and the Java Heap may be blocking the growth of the native heap
# Possible solutions:
#   Reduce memory load on the system
#   Increase physical memory or swap space
#   Check if swap backing store is full
#   Decrease Java heap size (-Xmx/-Xms)
#   Decrease number of Java threads
#   Decrease Java thread stack sizes (-Xss)
#   Set larger code cache with -XX:ReservedCodeCacheSize=
#   JVM is running with Zero Based Compressed Oops mode in which the Java heap is
#     placed in the first 32GB address space. The Java Heap base address is the
#     maximum limit for the native heap growth. Please use -XX:HeapBaseMinAddress
#     to set the Java Heap base and to place the Java Heap above 32GB virtual address.
# This output file may be truncated or incomplete.
#
#  Out of Memory Error (os_windows.cpp:3690), pid=19860, tid=24308
#
# JRE version:  (21.0.5+11) (build )
# Java VM: OpenJDK 64-Bit Server VM (21.0.5+11-LTS, mixed mode, sharing, tiered, compressed oops, compressed class ptrs, g1 gc, windows-amd64)
# No core dump will be written. Minidumps are not enabled by default on client versions of Windows
#

---------------  S U M M A R Y ------------

Command Line: -agentlib:jdwp=transport=dt_socket,server=n,suspend=y,address=localhost:53115 -XX:+ShowCodeDetailsInExceptionMessages Main

Host: 11th Gen Intel(R) Core(TM) i5-1145G7 @ 2.60GHz, 8 cores, 15G,  Windows 11 , 64 bit Build 22621 (10.0.22621.4830)
Time: Wed Feb 26 09:36:32 2025 Hora oficial do Brasil elapsed time: 0.014663 seconds (0d 0h 0m 0s)

---------------  T H R E A D  ---------------

Current thread (0x000002cacbb49810):  JavaThread "Unknown thread" [_thread_in_vm, id=24308, stack(0x000000db73600000,0x000000db73700000) (1024K)]

Stack: [0x000000db73600000,0x000000db73700000]
Native frames: (J=compiled Java code, j=interpreted, Vv=VM code, C=native code)
V  [jvm.dll+0x6d44b9]
V  [jvm.dll+0x8af381]
V  [jvm.dll+0x8b18ae]
V  [jvm.dll+0x8b1f83]
V  [jvm.dll+0x2804d6]
V  [jvm.dll+0x6d0d45]
V  [jvm.dll+0x6c504a]
V  [jvm.dll+0x35b408]
V  [jvm.dll+0x363086]
V  [jvm.dll+0x3b456e]
V  [jvm.dll+0x3b4818]
V  [jvm.dll+0x32f44c]
V  [jvm.dll+0x32ffab]
V  [jvm.dll+0x878269]
V  [jvm.dll+0x3c1561]
V  [jvm.dll+0x8613f3]
V  [jvm.dll+0x45673e]
V  [jvm.dll+0x458381]
C  [jli.dll+0x52a0]
C  [ucrtbase.dll+0x29333]
C  [KERNEL32.DLL+0x1259d]
C  [ntdll.dll+0x5af38]


---------------  P R O C E S S  ---------------

Threads class SMR info:
_java_thread_list=0x00007fffa7942108, length=0, elements={
}

Java Threads: ( => current thread )
Total: 0

Other Threads:
  0x000002cacdf442e0 WorkerThread "GC Thread#0"                     [id=11256, stack(0x000000db73700000,0x000000db73800000) (1024K)]
  0x000002cacdf54d50 ConcurrentGCThread "G1 Main Marker"            [id=5696, stack(0x000000db73800000,0x000000db73900000) (1024K)]
  0x000002cacdf55850 WorkerThread "G1 Conc#0"                       [id=21244, stack(0x000000db73900000,0x000000db73a00000) (1024K)]

[error occurred during error reporting (printing all threads), id 0xc0000005, EXCEPTION_ACCESS_VIOLATION (0xc0000005) at pc=0x00007fffa7041db7]
VM state: not at safepoint (not fully initialized)

VM Mutex/Monitor currently owned by a thread:  ([mutex/lock_event])
[0x00007fffa79b65f0] Heap_lock - owner thread: 0x000002cacbb49810

Heap address: 0x0000000705600000, size: 4010 MB, Compressed Oops mode: Zero based, Oop shift amount: 3

CDS archive(s) mapped at: [0x0000000000000000-0x0000000000000000-0x0000000000000000), size 0, SharedBaseAddress: 0x0000000800000000, ArchiveRelocationMode: 1.
Narrow klass base: 0x0000000000000000, Narrow klass shift: 0, Narrow klass range: 0x0

GC Precious Log:
 CardTable entry size: 512
 Card Set container configuration: InlinePtr #cards 4 size 8 Array Of Cards #cards 16 size 48 Howl #buckets 8 coarsen threshold 3686 Howl Bitmap #cards 512 size 80 coarsen threshold 460 Card regions per heap region 1 cards per card region 4096

Heap:
 garbage-first heap   total 0K, used 0K [0x0000000705600000, 0x0000000800000000)
  region size 2048K, 0 young (0K), 0 survivors (0K)

[error occurred during error reporting (printing heap information), id 0xc0000005, EXCEPTION_ACCESS_VIOLATION (0xc0000005) at pc=0x00007fffa742e549]
GC Heap History (0 events):
No events

Dll operation events (1 events):
Event: 0.008 Loaded shared library C:\Program Files\Microsoft\jdk-21.0.5.11-hotspot\bin\java.dll

Deoptimization events (0 events):
No events

Classes loaded (0 events):
No events

Classes unloaded (0 events):
No events

Classes redefined (0 events):
No events

Internal exceptions (0 events):
No events

ZGC Phase Switch (0 events):
No events

VM Operations (0 events):
No events

Memory protections (0 events):
No events

Nmethod flushes (0 events):
No events

Events (0 events):
No events


Dynamic libraries:
0x00007ff6514d0000 - 0x00007ff6514de000 	C:\Program Files\Microsoft\jdk-21.0.5.11-hotspot\bin\java.exe
0x00007ff845eb0000 - 0x00007ff8460c7000 	C:\WINDOWS\SYSTEM32\ntdll.dll
0x00007ff844aa0000 - 0x00007ff844b64000 	C:\WINDOWS\System32\KERNEL32.DLL
0x00007ff843350000 - 0x00007ff843720000 	C:\WINDOWS\System32\KERNELBASE.dll
0x00007ff839be0000 - 0x00007ff839c77000 	C:\WINDOWS\SYSTEM32\apphelp.dll
0x00007ff843200000 - 0x00007ff843311000 	C:\WINDOWS\System32\ucrtbase.dll
0x00007ff8260f0000 - 0x00007ff826108000 	C:\Program Files\Microsoft\jdk-21.0.5.11-hotspot\bin\jli.dll
0x00007ff844220000 - 0x00007ff8443ce000 	C:\WINDOWS\System32\USER32.dll
0x00007ff824c90000 - 0x00007ff824cad000 	C:\Program Files\Microsoft\jdk-21.0.5.11-hotspot\bin\VCRUNTIME140.dll
0x00007ff843720000 - 0x00007ff843746000 	C:\WINDOWS\System32\win32u.dll
0x00007ff816650000 - 0x00007ff8168e2000 	C:\WINDOWS\WinSxS\amd64_microsoft.windows.common-controls_6595b64144ccf1df_6.0.22621.4830_none_270fe7d773858e80\COMCTL32.dll
0x00007ff8441f0000 - 0x00007ff844219000 	C:\WINDOWS\System32\GDI32.dll
0x00007ff843cb0000 - 0x00007ff843d57000 	C:\WINDOWS\System32\msvcrt.dll
0x00007ff843750000 - 0x00007ff84386b000 	C:\WINDOWS\System32\gdi32full.dll
0x00007ff843160000 - 0x00007ff8431fa000 	C:\WINDOWS\System32\msvcp_win.dll
0x00007ff843f10000 - 0x00007ff843f41000 	C:\WINDOWS\System32\IMM32.DLL
0x00007ff83a510000 - 0x00007ff83a51c000 	C:\Program Files\Microsoft\jdk-21.0.5.11-hotspot\bin\vcruntime140_1.dll
0x00007ff814180000 - 0x00007ff81420d000 	C:\Program Files\Microsoft\jdk-21.0.5.11-hotspot\bin\msvcp140.dll
0x00007fffa6d00000 - 0x00007fffa7a98000 	C:\Program Files\Microsoft\jdk-21.0.5.11-hotspot\bin\server\jvm.dll
0x00007ff844820000 - 0x00007ff8448d1000 	C:\WINDOWS\System32\ADVAPI32.dll
0x00007ff843f50000 - 0x00007ff843ff7000 	C:\WINDOWS\System32\sechost.dll
0x00007ff843320000 - 0x00007ff843348000 	C:\WINDOWS\System32\bcrypt.dll
0x00007ff843d60000 - 0x00007ff843e74000 	C:\WINDOWS\System32\RPCRT4.dll
0x00007ff845b20000 - 0x00007ff845b91000 	C:\WINDOWS\System32\WS2_32.dll
0x00007ff83d370000 - 0x00007ff83d3a4000 	C:\WINDOWS\SYSTEM32\WINMM.dll
0x00007ff835f20000 - 0x00007ff835f2a000 	C:\WINDOWS\SYSTEM32\VERSION.dll
0x00007ff842e80000 - 0x00007ff842ecd000 	C:\WINDOWS\SYSTEM32\POWRPROF.dll
0x00007ff842e60000 - 0x00007ff842e73000 	C:\WINDOWS\SYSTEM32\UMPDC.dll
0x00007ff842160000 - 0x00007ff842178000 	C:\WINDOWS\SYSTEM32\kernel.appcore.dll
0x00007ff82aba0000 - 0x00007ff82abaa000 	C:\Program Files\Microsoft\jdk-21.0.5.11-hotspot\bin\jimage.dll
0x00007ff840a90000 - 0x00007ff840cc2000 	C:\WINDOWS\SYSTEM32\DBGHELP.DLL
0x00007ff844400000 - 0x00007ff844790000 	C:\WINDOWS\System32\combase.dll
0x00007ff844110000 - 0x00007ff8441e7000 	C:\WINDOWS\System32\OLEAUT32.dll
0x00007ff83d330000 - 0x00007ff83d362000 	C:\WINDOWS\SYSTEM32\dbgcore.DLL
0x00007ff843b20000 - 0x00007ff843b9b000 	C:\WINDOWS\System32\bcryptPrimitives.dll
0x00007ff821d90000 - 0x00007ff821dcc000 	C:\Program Files\Microsoft\jdk-21.0.5.11-hotspot\bin\jdwp.dll
0x00007ff824aa0000 - 0x00007ff824ac0000 	C:\Program Files\Microsoft\jdk-21.0.5.11-hotspot\bin\java.dll

dbghelp: loaded successfully - version: 4.0.5 - missing functions: none
symbol engine: initialized successfully - sym options: 0x614 - pdb path: .;C:\Program Files\Microsoft\jdk-21.0.5.11-hotspot\bin;C:\WINDOWS\SYSTEM32;C:\WINDOWS\WinSxS\amd64_microsoft.windows.common-controls_6595b64144ccf1df_6.0.22621.4830_none_270fe7d773858e80;C:\Program Files\Microsoft\jdk-21.0.5.11-hotspot\bin\server

VM Arguments:
jvm_args: -agentlib:jdwp=transport=dt_socket,server=n,suspend=y,address=localhost:53115 -XX:+ShowCodeDetailsInExceptionMessages 
java_command: Main
java_class_path (initial): C:\Users\20240032\AppData\Roaming\Code\User\workspaceStorage\11652e449f45efe157a487f651326a19\redhat.java\jdt_ws\Asteroids-Java_d3803fbb\bin
Launcher Type: SUN_STANDARD

[Global flags]
     intx CICompilerCount                          = 4                                         {product} {ergonomic}
     uint ConcGCThreads                            = 2                                         {product} {ergonomic}
     uint G1ConcRefinementThreads                  = 8                                         {product} {ergonomic}
   size_t G1HeapRegionSize                         = 2097152                                   {product} {ergonomic}
    uintx GCDrainStackTargetSize                   = 64                                        {product} {ergonomic}
   size_t InitialHeapSize                          = 264241152                                 {product} {ergonomic}
   size_t MarkStackSize                            = 4194304                                   {product} {ergonomic}
   size_t MaxHeapSize                              = 4204789760                                {product} {ergonomic}
   size_t MinHeapDeltaBytes                        = 2097152                                   {product} {ergonomic}
   size_t MinHeapSize                              = 8388608                                   {product} {ergonomic}
    uintx NonNMethodCodeHeapSize                   = 5839372                                {pd product} {ergonomic}
    uintx NonProfiledCodeHeapSize                  = 122909434                              {pd product} {ergonomic}
    uintx ProfiledCodeHeapSize                     = 122909434                              {pd product} {ergonomic}
    uintx ReservedCodeCacheSize                    = 251658240                              {pd product} {ergonomic}
     bool SegmentedCodeCache                       = true                                      {product} {ergonomic}
     bool ShowCodeDetailsInExceptionMessages       = true                                   {manageable} {command line}
   size_t SoftMaxHeapSize                          = 4204789760                             {manageable} {ergonomic}
     bool UseCompressedOops                        = true                           {product lp64_product} {ergonomic}
     bool UseG1GC                                  = true                                      {product} {ergonomic}
     bool UseLargePagesIndividualAllocation        = false                                  {pd product} {ergonomic}

Logging:
Log output configuration:
 #0: stdout all=warning uptime,level,tags foldmultilines=false
 #1: stderr all=off uptime,level,tags foldmultilines=false

Environment Variables:
JAVA_HOME=C:\Program Files\Microsoft\jdk-21.0.5.11-hotspot\
PATH=C:\Program Files\PowerShell\7;C:\Program Files\Microsoft\jdk-21.0.5.11-hotspot\bin;C:\Python312\Scripts\;C:\Python312\;C:\Program Files (x86)\NVIDIA Corporation\PhysX\Common;C:\WINDOWS\system32;C:\WINDOWS;C:\WINDOWS\System32\Wbem;C:\WINDOWS\System32\WindowsPowerShell\v1.0\;C:\WINDOWS\System32\OpenSSH\;C:\Program Files\dotnet\;C:\Program Files\Microsoft VS Code\bin;C:\Program Files\Microsoft SQL Server\150\Tools\Binn\;C:\Program Files\Microsoft SQL Server\Client SDK\ODBC\170\Tools\Binn\;C:\src\Android\cmdline-tools\tools\bin;C:\src\Android\platform-tools;C:\src\Android\emulator;C:\Program Files\Git\cmd;C:\Program Files\PowerShell\7\;C:\Program Files\nodejs\;C:\ProgramData\chocolatey\bin;C:\Program Files\Azure Data Studio\bin;C:\MinGW\bin;C:\Program Files (x86)\Schneider Electric\EcoStruxure Machine Expert - Basic\;C:\Users\20240032\AppData\Local\Microsoft\WindowsApps;
USERNAME=20240032
LANG=en_US.UTF-8
OS=Windows_NT
PROCESSOR_IDENTIFIER=Intel64 Family 6 Model 140 Stepping 1, GenuineIntel
TMP=C:\Users\20240032\AppData\Local\Temp
TEMP=C:\Users\20240032\AppData\Local\Temp




Periodic native trim disabled

---------------  S Y S T E M  ---------------

OS:
 Windows 11 , 64 bit Build 22621 (10.0.22621.4830)
OS uptime: 0 days 14:18 hours
Hyper-V role detected

CPU: total 8 (initial active 8) (4 cores per cpu, 2 threads per core) family 6 model 140 stepping 1 microcode 0x9a, cx8, cmov, fxsr, ht, mmx, 3dnowpref, sse, sse2, sse3, ssse3, sse4.1, sse4.2, popcnt, lzcnt, tsc, tscinvbit, avx, avx2, aes, erms, clmul, bmi1, bmi2, adx, avx512f, avx512dq, avx512cd, avx512bw, avx512vl, sha, fma, vzeroupper, avx512_vpopcntdq, avx512_vpclmulqdq, avx512_vaes, avx512_vnni, clflush, clflushopt, clwb, avx512_vbmi2, avx512_vbmi, hv, rdtscp, rdpid, fsrm, gfni, avx512_bitalg, f16c, cet_ibt, cet_ss, avx512_ifma
Processor Information for the first 8 processors :
  Max Mhz: 2611, Current Mhz: 1104, Mhz Limit: 1096

Memory: 4k page, system-wide physical 16039M (5003M free)
TotalPageFile size 16039M (AvailPageFile size 210M)
current process WorkingSet (physical memory assigned to process): 12M, peak: 12M
current process commit charge ("private bytes"): 60M, peak: 312M

vm_info: OpenJDK 64-Bit Server VM (21.0.5+11-LTS) for windows-amd64 JRE (21.0.5+11-LTS), built on 2024-10-12T04:10:19Z by "MicrosoftCorporation" with unknown MS VC++:1939

END.
